>>> "#290\r"
<<< "\n*290   0  20.0  0.00     0 235.1  0.01     1  50     44 \xD9\r"

>>> "#299\r"
<<< "\n*299 PV350W \xA3\r"

>>> "#29L\r"
<<< "\n*29L 100 \xB2\r"

>>> "#29P\r"
<<< "\n*29P 230.0 50.0 264.5 0140 184.0 0140 31631 0160 29186 0160 \x15\r"

>>> "#29F\r"
<<< "\n*29F 07625 007 00000 006 00000 007 00001 025 00001 025 00002 025 00003 \xCF\r"

>>> "#29S\r"
<<< "\n*29S 11.5 \xED\r"

>>> "#29B\r"
<<< "\n*29B 0 20.0 \'\r"

>>> "#290\r"
<<< "\n*290   0  20.1  0.54     7 234.2  0.04     7  50     44 \xF3\r"

>>> "#299\r"
<<< "\n*299 PV350W \xA3\r"

>>> "#29L\r"
<<< "\n*29L 100 \xB2\r"
